[0m17:10:24.738783 [debug] [MainThread]: Sending event: {'category': 'dbt', 'action': 'invocation', 'label': 'start', 'context': [<snowplow_tracker.self_describing_json.SelfDescribingJson object at 0x000002CE350D9F40>, <snowplow_tracker.self_describing_json.SelfDescribingJson object at 0x000002CE375688C0>, <snowplow_tracker.self_describing_json.SelfDescribingJson object at 0x000002CE37568110>]}


============================== 17:10:24.750788 | f741159b-e601-4ee5-a715-14257fe26dde ==============================
[0m17:10:24.750788 [info ] [MainThread]: Running with dbt=1.9.4
[0m17:10:24.751788 [debug] [MainThread]: running dbt with arguments {'printer_width': '80', 'indirect_selection': 'eager', 'write_json': 'True', 'log_cache_events': 'False', 'partial_parse': 'True', 'cache_selected_only': 'False', 'warn_error': 'None', 'version_check': 'True', 'fail_fast': 'False', 'log_path': 'c:\\Users\\VijayanV\\Downloads\\CMA_Analytics_dbt_dev\\logs', 'debug': 'False', 'profiles_dir': 'C:\\Users\\VijayanV\\.dbt', 'use_colors': 'True', 'use_experimental_parser': 'False', 'empty': 'None', 'quiet': 'False', 'no_print': 'None', 'warn_error_options': 'WarnErrorOptions(include=[], exclude=[])', 'introspect': 'True', 'static_parser': 'True', 'log_format': 'default', 'target_path': 'None', 'invocation_command': 'dbt ', 'send_anonymous_usage_stats': 'True'}
[0m17:10:25.005057 [debug] [MainThread]: Sending event: {'category': 'dbt', 'action': 'project_id', 'label': 'f741159b-e601-4ee5-a715-14257fe26dde', 'context': [<snowplow_tracker.self_describing_json.SelfDescribingJson object at 0x000002CE37F06AB0>]}
[0m17:10:25.078258 [error] [MainThread]: Encountered an error:
Runtime Error
  The packages.yml file in this project is malformed. Please double check
  the contents of this file and fix any errors before retrying.
  
  You can find more information on the syntax for this file here:
  https://docs.getdbt.com/docs/package-management
  
  Validator Error:
  {'name': 'dbt_utils', 'package': 'dbt-labs/dbt_utils', 'version': '1.3.0', 'unrendered': {'name': 'dbt_utils', 'package': 'dbt-labs/dbt_utils', 'version': '1.3.0'}} is not valid under any of the given schemas
  
[0m17:10:25.081275 [debug] [MainThread]: Command `cli deps` failed at 17:10:25.081275 after 0.68 seconds
[0m17:10:25.082281 [debug] [MainThread]: Sending event: {'category': 'dbt', 'action': 'invocation', 'label': 'end', 'context': [<snowplow_tracker.self_describing_json.SelfDescribingJson object at 0x000002CE37C0DD00>, <snowplow_tracker.self_describing_json.SelfDescribingJson object at 0x000002CE380CBFB0>, <snowplow_tracker.self_describing_json.SelfDescribingJson object at 0x000002CE380CBD70>]}
[0m17:10:25.082281 [debug] [MainThread]: Flushing usage events
[0m17:10:25.222520 [debug] [MainThread]: An error was encountered while trying to flush usage events
[0m12:46:22.883214 [debug] [MainThread]: Sending event: {'category': 'dbt', 'action': 'invocation', 'label': 'start', 'context': [<snowplow_tracker.self_describing_json.SelfDescribingJson object at 0x000001AB09D02150>, <snowplow_tracker.self_describing_json.SelfDescribingJson object at 0x000001AB09D021B0>, <snowplow_tracker.self_describing_json.SelfDescribingJson object at 0x000001AB09D01EB0>]}


============================== 12:46:22.895217 | d3f6a2ce-4888-4c43-898f-40bd2335f400 ==============================
[0m12:46:22.895217 [info ] [MainThread]: Running with dbt=1.9.4
[0m12:46:22.896218 [debug] [MainThread]: running dbt with arguments {'printer_width': '80', 'indirect_selection': 'eager', 'write_json': 'True', 'log_cache_events': 'False', 'partial_parse': 'True', 'cache_selected_only': 'False', 'profiles_dir': 'C:\\Users\\VijayanV\\.dbt', 'version_check': 'True', 'warn_error': 'None', 'log_path': 'c:\\Users\\VijayanV\\Downloads\\CMA_Analytics_dbt_dev\\logs', 'debug': 'False', 'fail_fast': 'False', 'use_colors': 'True', 'use_experimental_parser': 'False', 'no_print': 'None', 'quiet': 'False', 'empty': 'None', 'log_format': 'default', 'invocation_command': 'dbt ', 'static_parser': 'True', 'introspect': 'True', 'target_path': 'None', 'warn_error_options': 'WarnErrorOptions(include=[], exclude=[])', 'send_anonymous_usage_stats': 'True'}
[0m12:46:23.246763 [debug] [MainThread]: Sending event: {'category': 'dbt', 'action': 'project_id', 'label': 'd3f6a2ce-4888-4c43-898f-40bd2335f400', 'context': [<snowplow_tracker.self_describing_json.SelfDescribingJson object at 0x000001AB0A80BDA0>]}
[0m12:46:23.330041 [error] [MainThread]: Encountered an error:
Runtime Error
  The packages.yml file in this project is malformed. Please double check
  the contents of this file and fix any errors before retrying.
  
  You can find more information on the syntax for this file here:
  https://docs.getdbt.com/docs/package-management
  
  Validator Error:
  {'name': 'dbt_utils', 'package': 'dbt-labs/dbt_utils', 'version': '1.3.0', 'unrendered': {'name': 'dbt_utils', 'package': 'dbt-labs/dbt_utils', 'version': '1.3.0'}} is not valid under any of the given schemas
  
[0m12:46:23.333339 [debug] [MainThread]: Command `cli deps` failed at 12:46:23.333339 after 0.82 seconds
[0m12:46:23.334339 [debug] [MainThread]: Sending event: {'category': 'dbt', 'action': 'invocation', 'label': 'end', 'context': [<snowplow_tracker.self_describing_json.SelfDescribingJson object at 0x000001AB0A80B6E0>, <snowplow_tracker.self_describing_json.SelfDescribingJson object at 0x000001AB09CABEF0>, <snowplow_tracker.self_describing_json.SelfDescribingJson object at 0x000001AB0BA186B0>]}
[0m12:46:23.335679 [debug] [MainThread]: Flushing usage events
[0m12:46:23.457785 [debug] [MainThread]: An error was encountered while trying to flush usage events
[0m09:00:08.364820 [debug] [MainThread]: Sending event: {'category': 'dbt', 'action': 'invocation', 'label': 'start', 'context': [<snowplow_tracker.self_describing_json.SelfDescribingJson object at 0x000001D6496EEDE0>, <snowplow_tracker.self_describing_json.SelfDescribingJson object at 0x000001D6496ED700>, <snowplow_tracker.self_describing_json.SelfDescribingJson object at 0x000001D6487F1FA0>]}


============================== 09:00:08.377736 | d71635a5-e11f-434a-b6ff-9c0429c5a3cd ==============================
[0m09:00:08.377736 [info ] [MainThread]: Running with dbt=1.9.4
[0m09:00:08.379645 [debug] [MainThread]: running dbt with arguments {'printer_width': '80', 'indirect_selection': 'eager', 'log_cache_events': 'False', 'write_json': 'True', 'partial_parse': 'True', 'cache_selected_only': 'False', 'profiles_dir': 'C:\\Users\\VijayanV\\.dbt', 'debug': 'False', 'fail_fast': 'False', 'log_path': 'c:\\Users\\VijayanV\\Downloads\\CMA_Analytics_dbt_dev\\logs', 'warn_error': 'None', 'version_check': 'True', 'use_colors': 'True', 'use_experimental_parser': 'False', 'empty': 'None', 'quiet': 'False', 'no_print': 'None', 'log_format': 'default', 'introspect': 'True', 'invocation_command': 'dbt ', 'warn_error_options': 'WarnErrorOptions(include=[], exclude=[])', 'target_path': 'None', 'static_parser': 'True', 'send_anonymous_usage_stats': 'True'}
[0m09:00:08.674204 [debug] [MainThread]: Sending event: {'category': 'dbt', 'action': 'project_id', 'label': 'd71635a5-e11f-434a-b6ff-9c0429c5a3cd', 'context': [<snowplow_tracker.self_describing_json.SelfDescribingJson object at 0x000001D646DFAF00>]}
[0m09:00:08.766757 [error] [MainThread]: Encountered an error:
Runtime Error
  The packages.yml file in this project is malformed. Please double check
  the contents of this file and fix any errors before retrying.
  
  You can find more information on the syntax for this file here:
  https://docs.getdbt.com/docs/package-management
  
  Validator Error:
  {'name': 'dbt_utils', 'package': 'dbt-labs/dbt_utils', 'version': '1.3.0', 'unrendered': {'name': 'dbt_utils', 'package': 'dbt-labs/dbt_utils', 'version': '1.3.0'}} is not valid under any of the given schemas
  
[0m09:00:08.771782 [debug] [MainThread]: Command `cli deps` failed at 09:00:08.770782 after 0.87 seconds
[0m09:00:08.771782 [debug] [MainThread]: Sending event: {'category': 'dbt', 'action': 'invocation', 'label': 'end', 'context': [<snowplow_tracker.self_describing_json.SelfDescribingJson object at 0x000001D649375130>, <snowplow_tracker.self_describing_json.SelfDescribingJson object at 0x000001D64AEB3830>, <snowplow_tracker.self_describing_json.SelfDescribingJson object at 0x000001D64AE8DB50>]}
[0m09:00:08.772780 [debug] [MainThread]: Flushing usage events
[0m09:00:08.943882 [debug] [MainThread]: An error was encountered while trying to flush usage events
