==================== 2025-11-14 22:06:48.293379 | 6b2f1d4d-0761-430e-b94d-982e00402f2c ====================
22:06:48.293720 [info ]: Starting dbt LSP server
22:06:48.293842 [info ]: Connecting to LSP client on port 8000
22:06:48.311066 [info ]: Successfully connected to LSP client
22:06:48.311134 [info ]: Creating LSP service...
22:06:48.468469 [info ]: Creating LSP server...
22:06:48.468516 [info ]: Starting LSP server...
==================== 2025-11-14 22:09:50.958404 | fa4f523c-7691-4d87-8c4d-0985ff2afd2f ====================
22:09:50.958733 [info ]: Starting dbt LSP server
22:09:50.958829 [info ]: Connecting to LSP client on port 8001
22:09:50.968038 [info ]: Successfully connected to LSP client
22:09:50.968090 [info ]: Creating LSP service...
22:09:51.161396 [info ]: Creating LSP server...
22:09:51.161449 [info ]: Starting LSP server...
==================== 2025-11-18 17:45:40.489122 | 9c2bd506-93d8-432d-8eac-a1d4c32aaa7e ====================
17:45:40.489441 [info ]: Starting dbt LSP server
17:45:40.489524 [info ]: Connecting to LSP client on port 8000
17:45:40.502669 [info ]: Successfully connected to LSP client
17:45:40.502732 [info ]: Creating LSP service...
17:45:40.653332 [info ]: Creating LSP server...
17:45:40.653373 [info ]: Starting LSP server...
==================== 2025-12-03 19:51:32.076154 | 1c416728-ba79-4d91-abb6-3d8db13a3c13 ====================
19:51:32.076370 [info ]: Starting dbt LSP server
19:51:32.076423 [info ]: Connecting to LSP client on port 8000
19:51:32.083967 [info ]: Successfully connected to LSP client
19:51:32.084015 [info ]: Creating LSP service...
19:51:32.151436 [info ]: Creating LSP server...
19:51:32.151464 [info ]: Starting LSP server...
